
Showing logs for build [32mcb-kubecd-bdd-ghfjxy-import-158-gbqr2-1[0m stage [32mrun-make[0m and container [32mstep-credential-initializer-gm94k[0m
{"level":"warn","ts":1584078093.280139,"logger":"fallback-logger","caller":"logging/config.go:69","msg":"Fetch GitHub commit ID from kodata failed: \"ref: refs/heads/0.8.0-**-support-backwards-incompats\" is not a valid GitHub commit ID"}
{"level":"info","ts":1584078093.2806253,"logger":"fallback-logger","caller":"creds-init/main.go:40","msg":"Credentials initialized."}

Showing logs for build [32mcb-kubecd-bdd-ghfjxy-import-158-gbqr2-1[0m stage [32mrun-make[0m and container [32mstep-working-dir-initializer-gwtqf[0m
{"level":"warn","ts":1584078094.2452962,"logger":"fallback-logger","caller":"logging/config.go:69","msg":"Fetch GitHub commit ID from kodata failed: open /var/run/ko/HEAD: no such file or directory"}
{"level":"info","ts":1584078094.2480125,"logger":"fallback-logger","caller":"bash/main.go:64","msg":"Successfully executed command \"sh -c mkdir -p /workspace/source\"; output "}

Showing logs for build [32mcb-kubecd-bdd-ghfjxy-import-158-gbqr2-1[0m stage [32mrun-make[0m and container [32mstep-place-tools[0m

Showing logs for build [32mcb-kubecd-bdd-ghfjxy-import-158-gbqr2-1[0m stage [32mrun-make[0m and container [32mstep-create-dir-workspace-k76ph[0m
{"level":"warn","ts":1584078100.3818786,"logger":"fallback-logger","caller":"logging/config.go:69","msg":"Fetch GitHub commit ID from kodata failed: open /var/run/ko/HEAD: no such file or directory"}
{"level":"info","ts":1584078100.3833437,"logger":"fallback-logger","caller":"bash/main.go:64","msg":"Successfully executed command \"sh -c mkdir -p source\"; output "}

Showing logs for build [32mcb-kubecd-bdd-ghfjxy-import-158-gbqr2-1[0m stage [32mrun-make[0m and container [32mstep-git-source-cb-kubecd-bdd-ghfjxy-import-158-gbqr2-n79cz[0m
{"level":"warn","ts":1584078100.6498058,"logger":"fallback-logger","caller":"logging/config.go:69","msg":"Fetch GitHub commit ID from kodata failed: \"ref: refs/heads/0.8.0-**-support-backwards-incompats\" is not a valid GitHub commit ID"}
{"level":"info","ts":1584078101.7341585,"logger":"fallback-logger","caller":"git/git.go:103","msg":"Successfully cloned https://github.com/cb-kubecd/bdd-ghf**y-import-1584076721.git @ v0.0.1 in path /workspace/source"}

Showing logs for build [32mcb-kubecd-bdd-ghfjxy-import-158-gbqr2-1[0m stage [32mrun-make[0m and container [32mstep-git-merge[0m
Using SHAs from PULL_REFS=master:0da0ff5a41fe57b46b49a0fc6c160089c15afd1d
WARNING: no SHAs to merge, falling back to initial cloned commit

Showing logs for build [32mcb-kubecd-bdd-ghfjxy-import-158-gbqr2-1[0m stage [32mrun-make[0m and container [32mstep-setup-jx-git-credentials[0m
Generated Git credentials file /workspace/xdg_config/git/credentials

Showing logs for build [32mcb-kubecd-bdd-ghfjxy-import-158-gbqr2-1[0m stage [32mrun-make[0m and container [32mstep-build-make-build[0m
CGO_ENABLED=0 GO15VENDOREXPERIMENT=1 go build -ldflags '' -o bin/bdd-ghf**y-import-1584076721 main.go

Showing logs for build [32mcb-kubecd-bdd-ghfjxy-import-158-gbqr2-1[0m stage [32mrun-make[0m and container [32mstep-source-mkdir-cb-kubecd-bdd-ghfjxy-import-158-gbqr2-zmbkf[0m
{"level":"warn","ts":1584078115.8627484,"logger":"fallback-logger","caller":"logging/config.go:69","msg":"Fetch GitHub commit ID from kodata failed: open /var/run/ko/HEAD: no such file or directory"}
{"level":"info","ts":1584078115.8776386,"logger":"fallback-logger","caller":"bash/main.go:64","msg":"Successfully executed command \"sh -c mkdir -p /pvc/run-make/workspace\"; output "}

Showing logs for build [32mcb-kubecd-bdd-ghfjxy-import-158-gbqr2-1[0m stage [32mrun-make[0m and container [32mstep-source-copy-cb-kubecd-bdd-ghfjxy-import-158-gbqr2-bwd5j[0m
{"level":"warn","ts":1584078116.0840042,"logger":"fallback-logger","caller":"logging/config.go:69","msg":"Fetch GitHub commit ID from kodata failed: open /var/run/ko/HEAD: no such file or directory"}
{"level":"info","ts":1584078116.104132,"logger":"fallback-logger","caller":"bash/main.go:64","msg":"Successfully executed command \"sh -c cp -r source/. /pvc/run-make/workspace\"; output "}

Showing logs for build [32mcb-kubecd-bdd-ghfjxy-import-158-gbqr2-1[0m stage [32meverything-else[0m and container [32mstep-credential-initializer-hvr92[0m
{"level":"warn","ts":1584078123.499809,"logger":"fallback-logger","caller":"logging/config.go:69","msg":"Fetch GitHub commit ID from kodata failed: \"ref: refs/heads/0.8.0-**-support-backwards-incompats\" is not a valid GitHub commit ID"}
{"level":"info","ts":1584078123.5003972,"logger":"fallback-logger","caller":"creds-init/main.go:40","msg":"Credentials initialized."}

Showing logs for build [32mcb-kubecd-bdd-ghfjxy-import-158-gbqr2-1[0m stage [32meverything-else[0m and container [32mstep-working-dir-initializer-bf878[0m
{"level":"warn","ts":1584078124.5043862,"logger":"fallback-logger","caller":"logging/config.go:69","msg":"Fetch GitHub commit ID from kodata failed: open /var/run/ko/HEAD: no such file or directory"}
{"level":"info","ts":1584078124.5061438,"logger":"fallback-logger","caller":"bash/main.go:64","msg":"Successfully executed command \"sh -c mkdir -p /workspace/source\"; output "}

Showing logs for build [32mcb-kubecd-bdd-ghfjxy-import-158-gbqr2-1[0m stage [32meverything-else[0m and container [32mstep-place-tools[0m

Showing logs for build [32mcb-kubecd-bdd-ghfjxy-import-158-gbqr2-1[0m stage [32meverything-else[0m and container [32mstep-create-dir-workspace-9x8x8[0m
{"level":"warn","ts":1584078131.6292598,"logger":"fallback-logger","caller":"logging/config.go:69","msg":"Fetch GitHub commit ID from kodata failed: open /var/run/ko/HEAD: no such file or directory"}
{"level":"info","ts":1584078131.6380115,"logger":"fallback-logger","caller":"bash/main.go:64","msg":"Successfully executed command \"sh -c mkdir -p /workspace/source\"; output "}

Showing logs for build [32mcb-kubecd-bdd-ghfjxy-import-158-gbqr2-1[0m stage [32meverything-else[0m and container [32mstep-source-copy-workspace-zr458[0m
{"level":"warn","ts":1584078132.0170429,"logger":"fallback-logger","caller":"logging/config.go:69","msg":"Fetch GitHub commit ID from kodata failed: open /var/run/ko/HEAD: no such file or directory"}
{"level":"info","ts":1584078132.3443835,"logger":"fallback-logger","caller":"bash/main.go:64","msg":"Successfully executed command \"sh -c cp -r /pvc/run-make/workspace/. /workspace/source\"; output "}

Showing logs for build [32mcb-kubecd-bdd-ghfjxy-import-158-gbqr2-1[0m stage [32meverything-else[0m and container [32mstep-build-container-build[0m
[36mINFO[0m[0000] No base image, nothing to extract            
[36mINFO[0m[0000] cmd: EXPOSE                                  
[36mINFO[0m[0000] Adding exposed port: 8080/tcp                
[36mINFO[0m[0000] Using files from context: [/workspace/source/bin] 
[36mINFO[0m[0000] Skipping unpacking as no commands require it. 
[36mINFO[0m[0000] Taking snapshot of full filesystem...        
[36mINFO[0m[0000] EXPOSE 8080                                  
[36mINFO[0m[0000] cmd: EXPOSE                                  
[36mINFO[0m[0000] Adding exposed port: 8080/tcp                
[36mINFO[0m[0000] No files changed in this command, skipping snapshotting. 
[36mINFO[0m[0000] ENTRYPOINT ["/bdd-ghf**y-import-1584076721"] 
[36mINFO[0m[0000] No files changed in this command, skipping snapshotting. 
[36mINFO[0m[0000] Using files from context: [/workspace/source/bin] 
[36mINFO[0m[0000] COPY ./bin/ /                                
[36mINFO[0m[0000] Taking snapshot of files...                  
2020/03/13 05:42:17 pushed blob: sha256:8165949f988e37ddffe87462656fc6302c4cd524243918232d0f75560cc0f33e
2020/03/13 05:42:18 pushed blob: sha256:d68fd926f9731e9071e925a717211b97d463df24ee35ef094db0a56681a6d227
2020/03/13 05:42:19 gcr.io/jenkins-x-bdd3/bdd-ghf**y-import-1584076721:0.0.1: digest: sha256:0aa95564cdd89fcdf9de1459cc12cf98ceee296a0b755f309f81d15c41187f00 size: 428

Showing logs for build [32mcb-kubecd-bdd-ghfjxy-import-158-gbqr2-1[0m stage [32meverything-else[0m and container [32mstep-build-post-build[0m
no CVE provider running in the current ** namespace so skip adding image to be analysed

Showing logs for build [32mcb-kubecd-bdd-ghfjxy-import-158-gbqr2-1[0m stage [32meverything-else[0m and container [32mstep-promote-changelog[0m
Converted /workspace/source to an unshallow repository
Generating change log from git ref 15b0b7cc94e64a52adbf5e2933ee018fef45c9b8 => 4c08ab83894786076f928c9f84f83deb7681df59
Associating user x-0 in users.jenkins.io with email c**d-bot@cloudbees.com to git GitProvider user with login -0 as emails match
Adding label jenkins.io/git-github-userid=-0 to user x-0 in users.jenkins.io
WARNING: Failed to enrich commit 0da0ff5a41fe57b46b49a0fc6c160089c15afd1d with issues: User.jenkins.io "x-0" is invalid: metadata.labels: Invalid value: "-0": a valid label must be an empty string or consist of alphanumeric characters, '-', '_' or '.', and must start and end with an alphanumeric character (e.g. 'MyValue',  or 'my_value',  or '12345', regex used for validation is '(([A-Za-z0-9][-A-Za-z0-9_.]*)?[A-Za-z0-9])?')
Associating user x-0 in users.jenkins.io with email c**d-bot@cloudbees.com to git GitProvider user with login -0 as emails match
Adding label jenkins.io/git-github-userid=-0 to user x-0 in users.jenkins.io
WARNING: Failed to enrich commit 0da0ff5a41fe57b46b49a0fc6c160089c15afd1d with issues: User.jenkins.io "x-0" is invalid: metadata.labels: Invalid value: "-0": a valid label must be an empty string or consist of alphanumeric characters, '-', '_' or '.', and must start and end with an alphanumeric character (e.g. 'MyValue',  or 'my_value',  or '12345', regex used for validation is '(([A-Za-z0-9][-A-Za-z0-9_.]*)?[A-Za-z0-9])?')
Finding issues in commit messages using git format
WARNING: No release found for cb-kubecd/bdd-ghf**y-import-1584076721 and tag v0.0.1 so creating a new release
Updated the release information at https://github.com/cb-kubecd/bdd-ghf**y-import-1584076721/releases/tag/v0.0.1
generated: /workspace/source/charts/bdd-ghf**y-import-1584076721/templates/release.yaml
Created Release bdd-ghf**y-import-1584076721-0-0-1 resource in namespace **
Updating PipelineActivity cb-kubecd-bdd-ghf**y-import-1584076721-master-1 with version 0.0.1
Updated PipelineActivities cb-kubecd-bdd-ghf**y-import-1584076721-master-1 with release notes URL: https://github.com/cb-kubecd/bdd-ghf**y-import-1584076721/releases/tag/v0.0.1

Showing logs for build [32mcb-kubecd-bdd-ghfjxy-import-158-gbqr2-1[0m stage [32meverything-else[0m and container [32mstep-promote-helm-release[0m
WARNING: No $CHART_REPOSITORY defined so using the default value of: http://jenkins-x-chartmuseum:8080
Adding missing Helm repo: storage.googleapis.com https://storage.googleapis.com/chartmuseum.jenkins-x.io
WARNING: No secrets found on "helm/repos" due: reading the secret "helm/repos" from vault: no secret "helm/repos" not found in vault
Read credentials for https://storage.googleapis.com/chartmuseum.jenkins-x.io from vault helm/repos
Successfully added Helm repository storage.googleapis.com.
Adding missing Helm repo: jenkins-x-chartmuseum http://jenkins-x-chartmuseum:8080
WARNING: No secrets found on "helm/repos" due: reading the secret "helm/repos" from vault: no secret "helm/repos" not found in vault
Read credentials for http://jenkins-x-chartmuseum:8080 from vault helm/repos
Successfully added Helm repository jenkins-x-chartmuseum.
WARNING: No $CHART_REPOSITORY defined so using the default value of: http://jenkins-x-chartmuseum:8080
Uploading chart file bdd-ghf**y-import-1584076721-0.0.1.tgz to http://jenkins-x-chartmuseum:8080/api/charts
Received 201 response: {"saved":true}

Showing logs for build [32mcb-kubecd-bdd-ghfjxy-import-158-gbqr2-1[0m stage [32meverything-else[0m and container [32mstep-promote-jx-promote[0m
WARNING: prow based install so skip waiting for the merge of Pull Requests to go green as currently there is an issue with gettingstatuses from the PR, see https://github.com/jenkins-x/**/issues/2410
WARNING: No $CHART_REPOSITORY defined so using the default value of: http://jenkins-x-chartmuseum:8080
Promoting app bdd-ghf**y-import-1584076721 version 0.0.1 to namespace **-staging
WARNING: 
Created Pull Request: https://github.com/cb-kubecd/environment-pr-180-25-boot-gke-staging/pull/7
Added label updatebot to Pull Request https://github.com/cb-kubecd/environment-pr-180-25-boot-gke-staging/pull/7
got git provider status pending from PR https://github.com/cb-kubecd/environment-pr-180-25-boot-gke-staging/pull/7
got git provider status pending from PR https://github.com/cb-kubecd/environment-pr-180-25-boot-gke-staging/pull/7
got git provider status pending from PR https://github.com/cb-kubecd/environment-pr-180-25-boot-gke-staging/pull/7
got git provider status pending from PR https://github.com/cb-kubecd/environment-pr-180-25-boot-gke-staging/pull/7
got git provider status pending from PR https://github.com/cb-kubecd/environment-pr-180-25-boot-gke-staging/pull/7
got git provider status pending from PR https://github.com/cb-kubecd/environment-pr-180-25-boot-gke-staging/pull/7
got git provider status pending from PR https://github.com/cb-kubecd/environment-pr-180-25-boot-gke-staging/pull/7
Pull Request https://github.com/cb-kubecd/environment-pr-180-25-boot-gke-staging/pull/7 is merged at sha c47447c3c2d76c4952dd2d21ded0459dc079c271
Pull Request merged but we are not waiting for the update pipeline to complete!
WARNING: Could not find the service URL in namespace **-staging for names bdd-ghf**y-import-1584076721, **-bdd-ghf**y-import-1584076721, **-staging-bdd-ghf**y-import-1584076721
